[debug] [2021-05-06T13:38:06.197Z] ----------------------------------------------------------------------
[debug] [2021-05-06T13:38:06.200Z] Command:       /usr/bin/node /bin/firebase init hosting
[debug] [2021-05-06T13:38:06.200Z] CLI Version:   9.10.1
[debug] [2021-05-06T13:38:06.200Z] Platform:      linux
[debug] [2021-05-06T13:38:06.200Z] Node Version:  v16.0.0
[debug] [2021-05-06T13:38:06.201Z] Time:          Thu May 06 2021 14:38:06 GMT+0100 (British Summer Time)
[debug] [2021-05-06T13:38:06.201Z] ----------------------------------------------------------------------
[debug] 
[debug] [2021-05-06T13:38:06.206Z] > command requires scopes: ["email","openid","https://www.googleapis.com/auth/cloudplatformprojects.readonly","https://www.googleapis.com/auth/firebase","https://www.googleapis.com/auth/cloud-platform"]
[debug] [2021-05-06T13:38:06.206Z] > authorizing via signed-in user (davidgwilliams88@googlemail.com)
[info] 
     ######## #### ########  ######## ########     ###     ######  ########
     ##        ##  ##     ## ##       ##     ##  ##   ##  ##       ##
     ######    ##  ########  ######   ########  #########  ######  ######
     ##        ##  ##    ##  ##       ##     ## ##     ##       ## ##
     ##       #### ##     ## ######## ########  ##     ##  ######  ########

You're about to initialize a Firebase project in this directory:

  /home/david/Programming/reactTestApp/learner_app

[info] 
=== Project Setup
[info] 
[info] First, let's associate this project directory with a Firebase project.
[info] You can create multiple project aliases by running firebase use --add, 
[info] but for now we'll just set up a default project.
[info] 
[debug] [2021-05-06T13:38:23.817Z] >>> [apiv2][query] GET https://firebase.googleapis.com/v1beta1/projects pageSize=100
[debug] [2021-05-06T13:38:24.208Z] <<< [apiv2][status] GET https://firebase.googleapis.com/v1beta1/projects 200
[debug] [2021-05-06T13:38:24.208Z] <<< [apiv2][body] GET https://firebase.googleapis.com/v1beta1/projects [omitted]
[info] i  Using project learnerapp-4d229 (learnerApp) 
[info] 
=== Hosting Setup
[info] 
[info] Your public directory is the folder (relative to your project directory) that
[info] will contain Hosting assets to be uploaded with firebase deploy. If you
[info] have a build process for your assets, use your build's output directory.
[info] 
[debug] [2021-05-06T13:38:54.573Z] >>> [apiv2][query] GET https://www.gstatic.com/firebasejs/releases.json [none]
[debug] [2021-05-06T13:38:54.736Z] <<< [apiv2][status] GET https://www.gstatic.com/firebasejs/releases.json 200
[debug] [2021-05-06T13:38:54.737Z] <<< [apiv2][body] GET https://www.gstatic.com/firebasejs/releases.json {"current":{"version":"8.5.0","browserURL":"https://www.gstatic.com/firebasejs/8.5.0/firebase.js","packageURL":"https://www.gstatic.com/firebasejs/8.5.0/firebase.tgz"},"live":{"version":"8.5","browserURL":"https://www.gstatic.com/firebasejs/live/8.5/firebase.js","packageURL":"https://www.gstatic.com/firebasejs/live/8.5/firebase.tgz"},"components":{"analytics":"https://www.gstatic.com/firebasejs/8.5.0/firebase-analytics.js","app":"https://www.gstatic.com/firebasejs/8.5.0/firebase-app.js","auth":"https://www.gstatic.com/firebasejs/8.5.0/firebase-auth.js","database":"https://www.gstatic.com/firebasejs/8.5.0/firebase-database.js","firestore":"https://www.gstatic.com/firebasejs/8.5.0/firebase-firestore.js","functions":"https://www.gstatic.com/firebasejs/8.5.0/firebase-functions.js","installations":"https://www.gstatic.com/firebasejs/8.5.0/firebase-installations.js","messaging":"https://www.gstatic.com/firebasejs/8.5.0/firebase-messaging.js","storage":"https://www.gstatic.com/firebasejs/8.5.0/firebase-storage.js","performance":"https://www.gstatic.com/firebasejs/8.5.0/firebase-performance.js","remote-config":"https://www.gstatic.com/firebasejs/8.5.0/firebase-remote-config.js","firestore.memory":"https://www.gstatic.com/firebasejs/8.5.0/firebase-firestore.memory.js"}}
[info] i  Skipping write of public/index.html 
[info] 
[info] i  Detected a .git folder at /home/david/Programming/reactTestApp/learner_app 
[info] i  Authorizing with GitHub to upload your service account to a GitHub repository's secrets store. 
[info] 
[info] Visit this URL on this device to log in:
[info] https://github.com/login/oauth/authorize?client_id=89cf50f02ac6aaed3484&state=423421233&redirect_uri=http%3A%2F%2Flocalhost%3A9005&scope=read%3Auser%20repo%20public_repo
[info] 
[info] Waiting for authentication...
[debug] [2021-05-06T13:42:36.926Z] >>> HTTP REQUEST POST https://github.com/login/oauth/access_token  
 {"client_id":"89cf50f02ac6aaed3484","client_secret":"3330d14abc895d9a74d5f17cd7a00711fa2c5bf0","code":"527523ab5442e5d3a687","redirect_uri":"http://localhost:9005","state":"423421233"}
[debug] [2021-05-06T13:42:37.215Z] <<< HTTP RESPONSE 200 {"server":"GitHub.com","date":"Thu, 06 May 2021 13:42:18 GMT","content-type":"application/json; charset=utf-8","transfer-encoding":"chunked","vary":"X-PJAX, Accept-Encoding, Accept, X-Requested-With","permissions-policy":"interest-cohort=()","etag":"W/\"e1eed594b57ed10af979705b340efbae\"","cache-control":"max-age=0, private, must-revalidate","strict-transport-security":"max-age=31536000; includeSubdomains; preload","x-frame-options":"deny","x-content-type-options":"nosniff","x-xss-protection":"0","referrer-policy":"origin-when-cross-origin, strict-origin-when-cross-origin","expect-ct":"max-age=2592000, report-uri=\"https://api.github.com/_private/browser/errors\"","content-security-policy":"default-src 'none'; base-uri 'self'; block-all-mixed-content; connect-src 'self' uploads.github.com www.githubstatus.com collector.githubapp.com api.github.com github-cloud.s3.amazonaws.com github-production-repository-file-5c1aeb.s3.amazonaws.com github-production-upload-manifest-file-7fdce7.s3.amazonaws.com github-production-user-asset-6210df.s3.amazonaws.com cdn.optimizely.com logx.optimizely.com/v1/events wss://alive.github.com; font-src github.githubassets.com; form-action 'self' github.com gist.github.com; frame-ancestors 'none'; frame-src render.githubusercontent.com; img-src 'self' data: github.githubassets.com identicons.github.com collector.githubapp.com github-cloud.s3.amazonaws.com secured-user-images.githubusercontent.com/ *.githubusercontent.com; manifest-src 'self'; media-src 'none'; script-src github.githubassets.com; style-src 'unsafe-inline' github.githubassets.com; worker-src github.com/socket-worker-3f088aa2.js gist.github.com/socket-worker-3f088aa2.js","x-github-request-id":"A0D2:E582:A53324:A981CE:6093F23A"}
[debug] [2021-05-06T13:42:37.221Z] >>> [apiv2][query] GET https://api.github.com/user [none]
[debug] [2021-05-06T13:42:37.489Z] <<< [apiv2][status] GET https://api.github.com/user 200
[debug] [2021-05-06T13:42:37.490Z] <<< [apiv2][body] GET https://api.github.com/user {"login":"eccirc","id":32297399,"node_id":"MDQ6VXNlcjMyMjk3Mzk5","avatar_url":"https://avatars.githubusercontent.com/u/32297399?v=4","gravatar_id":"","url":"https://api.github.com/users/eccirc","html_url":"https://github.com/eccirc","followers_url":"https://api.github.com/users/eccirc/followers","following_url":"https://api.github.com/users/eccirc/following{/other_user}","gists_url":"https://api.github.com/users/eccirc/gists{/gist_id}","starred_url":"https://api.github.com/users/eccirc/starred{/owner}{/repo}","subscriptions_url":"https://api.github.com/users/eccirc/subscriptions","organizations_url":"https://api.github.com/users/eccirc/orgs","repos_url":"https://api.github.com/users/eccirc/repos","events_url":"https://api.github.com/users/eccirc/events{/privacy}","received_events_url":"https://api.github.com/users/eccirc/received_events","type":"User","site_admin":false,"name":null,"company":null,"blog":"","location":"London","email":null,"hireable":null,"bio":"IRL - David Williams, artist and creative technologist. Originally from the beautiful country of Wales but currently based and studying in London, UK. ","twitter_username":null,"public_repos":12,"public_gists":0,"followers":2,"following":0,"created_at":"2017-09-26T10:59:24Z","updated_at":"2021-05-06T13:42:15Z","private_gists":0,"total_private_repos":7,"owned_private_repos":7,"disk_usage":654551,"collaborators":0,"two_factor_authentication":false,"plan":{"name":"free","space":976562499,"collaborators":0,"private_repos":10000}}
[info] 
[info] ✔  Success! Logged into GitHub as eccirc 
[info] 
[debug] [2021-05-06T13:44:04.861Z] >>> [apiv2][query] GET https://api.github.com/repos/eccirc/learner_app.git/actions/secrets/public-key type=owner
[debug] [2021-05-06T13:44:05.131Z] <<< [apiv2][status] GET https://api.github.com/repos/eccirc/learner_app.git/actions/secrets/public-key 404
[debug] [2021-05-06T13:44:05.131Z] <<< [apiv2][body] GET https://api.github.com/repos/eccirc/learner_app.git/actions/secrets/public-key {"message":"Not Found","documentation_url":"https://docs.github.com/rest/reference/actions#get-a-repository-public-key"}
[debug] [2021-05-06T13:44:47.963Z] >>> [apiv2][query] GET https://api.github.com/repos/eccirc/learner_app.git/actions/secrets/public-key type=owner
[debug] [2021-05-06T13:44:48.251Z] <<< [apiv2][status] GET https://api.github.com/repos/eccirc/learner_app.git/actions/secrets/public-key 404
[debug] [2021-05-06T13:44:48.252Z] <<< [apiv2][body] GET https://api.github.com/repos/eccirc/learner_app.git/actions/secrets/public-key {"message":"Not Found","documentation_url":"https://docs.github.com/rest/reference/actions#get-a-repository-public-key"}
